<?xml version="1.0" encoding="UTF-8"?>
<!-- Generated by org.testng.reporters.JUnitReportReporter -->
<testsuite skipped="0" hostname="LAPTOP-E4E1HDQ6" name="calender.CalanderDatePicker" tests="1" failures="0" timestamp="2020-05-01T18:45:51 IST" time="40.081" errors="0">
  <testcase name="testDatePicker" time="40.081" classname="calender.CalanderDatePicker"/>
  <system-out/>
</testsuite> <!-- calender.CalanderDatePicker -->
