<?xml version="1.0" encoding="UTF-8"?>
<!-- Generated by org.testng.reporters.JUnitReportReporter -->
<testsuite hostname="LAPTOP-E4E1HDQ6" failures="0" tests="1" name="calender.CalenderIndigo" time="28.891" errors="0" timestamp="2020-04-19T19:18:18 IST" skipped="0">
  <testcase classname="calender.CalenderIndigo" name="testCalenderIndigo" time="28.891"/>
  <system-out/>
</testsuite> <!-- calender.CalenderIndigo -->
